May 23 21:22:27 srv-app-01 SYSCALL: type=SYSCALL msg=audit(1779567747.699:1506): arch=c000003e syscall=59 success=yes exe="/usr/bin/ls" key="exec"
May 23 21:22:44 srv-app-01 SYSCALL: type=SYSCALL msg=audit(1779567764.911:2711): arch=c000003e syscall=59 success=yes exe="/usr/bin/python3" key="exec"
May 23 21:22:55 srv-app-01 USER_MGMT: type=USER_MGMT msg=audit(1779567775.832:4914): op=add-to-group grp="sudo" acct="deploy" exe="/usr/sbin/usermod" res=success
May 23 21:23:22 srv-app-01 SYSCALL: type=SYSCALL msg=audit(1779567802.484:8925): arch=c000003e syscall=59 success=yes exe="/usr/bin/ls" key="exec"
May 23 21:23:31 srv-app-01 SYSCALL: type=SYSCALL msg=audit(1779567811.764:8113): arch=c000003e syscall=59 success=yes exe="/usr/bin/git" key="exec"
May 23 21:23:32 srv-app-01 PATH: type=PATH msg=audit(1779567812.246:7258): item=0 name="/etc/passwd" nametype=NORMAL syscall=openat success=yes exe="/usr/bin/vi" key="sensitive_files"
May 23 21:23:35 srv-app-01 PATH: type=PATH msg=audit(1779567815.246:8011): item=0 name="/etc/shadow" nametype=NORMAL syscall=openat success=yes exe="/usr/bin/vi" key="sensitive_files"
May 23 21:23:38 srv-app-01 PATH: type=PATH msg=audit(1779567818.246:8267): item=0 name="/etc/sudoers" nametype=NORMAL syscall=openat success=yes exe="/usr/bin/vi" key="sensitive_files"
May 23 21:23:44 srv-app-01 PATH: type=PATH msg=audit(1779567824.246:8653): item=0 name="/etc/cron.d/backdoor" nametype=CREATE syscall=openat success=yes exe="/bin/bash" key="cron_persistence"
May 23 21:23:49 srv-app-01 SYSCALL: type=SYSCALL msg=audit(1779567829.092:7190): arch=c000003e syscall=59 success=yes exe="/usr/bin/git" key="exec"
May 23 21:24:29 srv-app-01 SYSCALL: type=SYSCALL msg=audit(1779567869.241:1866): arch=c000003e syscall=59 success=yes exe="/usr/bin/git" key="exec"
May 23 21:25:06 srv-app-01 SYSCALL: type=SYSCALL msg=audit(1779567906.179:1621): arch=c000003e syscall=59 success=yes exe="/usr/bin/cat" key="exec"
May 23 21:25:09 srv-app-01 SYSCALL: type=SYSCALL msg=audit(1779567909.506:7480): arch=c000003e syscall=59 success=yes exe="/usr/bin/ls" key="exec"
May 23 21:25:33 srv-app-01 SYSCALL: type=SYSCALL msg=audit(1779567933.591:5235): arch=c000003e syscall=59 success=yes exe="/usr/bin/ls" key="exec"
May 23 21:25:44 srv-app-01 SYSCALL: type=SYSCALL msg=audit(1779567944.993:3004): arch=c000003e syscall=59 success=yes exe="/usr/bin/cat" key="exec"
May 23 21:26:41 srv-app-01 SYSCALL: type=SYSCALL msg=audit(1779568001.046:8155): arch=c000003e syscall=59 success=yes exe="/usr/bin/git" key="exec"
May 23 21:26:43 srv-app-01 SYSCALL: type=SYSCALL msg=audit(1779568003.510:9957): arch=c000003e syscall=59 success=yes exe="/usr/bin/python3" key="exec"
May 23 21:28:53 srv-app-01 EXECVE: type=EXECVE msg=audit(1779568133.883:6356): argc=3 a0="/bin/nc" exe="/bin/nc" key="net_exfil"
May 23 21:28:59 srv-app-01 SYSCALL: type=SYSCALL msg=audit(1779568139.579:2775): arch=c000003e syscall=59 success=yes exe="/usr/bin/git" key="exec"
May 23 21:29:20 srv-app-01 SYSCALL: type=SYSCALL msg=audit(1779568160.345:8187): arch=c000003e syscall=59 success=yes exe="/usr/bin/python3" key="exec"
May 23 21:30:07 srv-app-01 SYSCALL: type=SYSCALL msg=audit(1779568207.640:5390): arch=c000003e syscall=59 success=yes exe="/usr/bin/ls" key="exec"
May 23 21:30:29 srv-app-01 EXECVE: type=EXECVE msg=audit(1779568229.853:6021): argc=3 a0="/usr/bin/wget" exe="/usr/bin/wget" key="net_exfil"
May 23 21:30:43 srv-app-01 SYSCALL: type=SYSCALL msg=audit(1779568243.615:4700): arch=c000003e syscall=59 success=yes exe="/usr/bin/python3" key="exec"
May 23 21:30:44 srv-app-01 SYSCALL: type=SYSCALL msg=audit(1779568244.475:9917): arch=c000003e syscall=59 success=yes exe="/usr/bin/python3" key="exec"
